Traceback (most recent call last):
  File "/home/semakin_grisha/FFREED/ffreed/main.py", line 181, in <module>
    main(args)
  File "/home/semakin_grisha/FFREED/ffreed/main.py", line 159, in main
    sac.train()
  File "/home/semakin_grisha/FFREED/ffreed/train/utils.py", line 19, in wrapper
    res = method(sac, *args, **kwargs)
  File "/home/semakin_grisha/FFREED/ffreed/train/sac.py", line 338, in train
    rewards_info, update_info = self.train_epoch()
  File "/home/semakin_grisha/FFREED/ffreed/train/utils.py", line 19, in wrapper
    res = method(sac, *args, **kwargs)
  File "/home/semakin_grisha/FFREED/ffreed/train/sac.py", line 306, in train_epoch
    rewards_info = self.collect_experience()
  File "/home/semakin_grisha/FFREED/ffreed/train/utils.py", line 19, in wrapper
    res = method(sac, *args, **kwargs)
  File "/home/semakin_grisha/miniconda3/envs/freed/lib/python3.7/site-packages/torch/autograd/grad_mode.py", line 27, in decorate_context
    return func(*args, **kwargs)
  File "/home/semakin_grisha/FFREED/ffreed/train/sac.py", line 289, in collect_experience
    raise RuntimeError(f"Too many failed molecule assemblies (over {max_fails}). Last error: {last_error}")
RuntimeError: Too many failed molecule assemblies (over 3072). Last error: Error at [1*]c1ccc([2*])cc1: expand(CUDABoolType{[1, 1, 1307]}, size=[2, 1]): the number of sizes provided (2) must be greater or equal to the number of dimensions in the tensor (3)
